        -:    0:Source:dominion.c
        -:    0:Graph:dominion.gcno
        -:    0:Data:dominion.gcda
        -:    0:Runs:6
        -:    0:Programs:6
        -:    1:#include "dominion.h"
        -:    2:#include "dominion_helpers.h"
        -:    3:#include "rngs.h"
        -:    4:#include <stdio.h>
        -:    5:#include <math.h>
        -:    6:#include <stdlib.h>
        -:    7:
 28844437:    8:int compare(const void* a, const void* b) {
 28844437:    9:  if (*(int*)a > *(int*)b)
 14007350:   10:    return 1;
 14837087:   11:  if (*(int*)a < *(int*)b)
  4810747:   12:    return -1;
 10026340:   13:  return 0;
        -:   14:}
        -:   15:
    #####:   16:struct gameState* newGame() {
    #####:   17:  struct gameState* g = malloc(sizeof(struct gameState));
    #####:   18:  return g;
        -:   19:}
        -:   20:
    #####:   21:int* kingdomCards(int k1, int k2, int k3, int k4, int k5, int k6, int k7,
        -:   22:		  int k8, int k9, int k10) {
    #####:   23:  int* k = malloc(10 * sizeof(int));
    #####:   24:  k[0] = k1;
    #####:   25:  k[1] = k2;
    #####:   26:  k[2] = k3;
    #####:   27:  k[3] = k4;
    #####:   28:  k[4] = k5;
    #####:   29:  k[5] = k6;
    #####:   30:  k[6] = k7;
    #####:   31:  k[7] = k8;
    #####:   32:  k[8] = k9;
    #####:   33:  k[9] = k10;
    #####:   34:  return k;
        -:   35:}
        -:   36:
      964:   37:int initializeGame(int numPlayers, int kingdomCards[10], int randomSeed,
        -:   38:		   struct gameState *state) {
        -:   39:
        -:   40:  int i;
        -:   41:  int j;
        -:   42:  int it;			
        -:   43:  //set up random number generator
      964:   44:  SelectStream(1);
      964:   45:  PutSeed((long)randomSeed);
        -:   46:  
        -:   47:  //check number of players
      964:   48:  if (numPlayers > MAX_PLAYERS || numPlayers < 2)
        -:   49:    {
      628:   50:      return -1;
        -:   51:    }
        -:   52:
        -:   53:  //set number of players
      336:   54:  state->numPlayers = numPlayers;
        -:   55:
        -:   56:  //check selected kingdom cards are different
     3696:   57:  for (i = 0; i < 10; i++)
        -:   58:    {
    36960:   59:      for (j = 0; j < 10; j++)
        -:   60:        {
    33600:   61:	  if (j != i && kingdomCards[j] == kingdomCards[i])
        -:   62:	    {
    #####:   63:	      return -1;
        -:   64:	    }
        -:   65:        }
        -:   66:    }
        -:   67:
        -:   68:
        -:   69:  //initialize supply
        -:   70:  ///////////////////////////////
        -:   71:
        -:   72:  //set number of Curse cards
      336:   73:  if (numPlayers == 2)
        -:   74:    {
      336:   75:      state->supplyCount[curse] = 10;
        -:   76:    }
    #####:   77:  else if (numPlayers == 3)
        -:   78:    {
    #####:   79:      state->supplyCount[curse] = 20;
        -:   80:    }
        -:   81:  else
        -:   82:    {
    #####:   83:      state->supplyCount[curse] = 30;
        -:   84:    }
        -:   85:
        -:   86:  //set number of Victory cards
      336:   87:  if (numPlayers == 2)
        -:   88:    {
      336:   89:      state->supplyCount[estate] = 8;
      336:   90:      state->supplyCount[duchy] = 8;
      336:   91:      state->supplyCount[province] = 8;
        -:   92:    }
        -:   93:  else
        -:   94:    {
    #####:   95:      state->supplyCount[estate] = 12;
    #####:   96:      state->supplyCount[duchy] = 12;
    #####:   97:      state->supplyCount[province] = 12;
        -:   98:    }
        -:   99:
        -:  100:  //set number of Treasure cards
      336:  101:  state->supplyCount[copper] = 60 - (7 * numPlayers);
      336:  102:  state->supplyCount[silver] = 40;
      336:  103:  state->supplyCount[gold] = 30;
        -:  104:
        -:  105:  //set number of Kingdom cards
     7056:  106:  for (i = adventurer; i <= treasure_map; i++)       	//loop all cards
        -:  107:    {
    55440:  108:      for (j = 0; j < 10; j++)           		//loop chosen cards
        -:  109:	{
    52080:  110:	  if (kingdomCards[j] == i)
        -:  111:	    {
        -:  112:	      //check if card is a 'Victory' Kingdom card
     3360:  113:	      if (kingdomCards[j] == great_hall || kingdomCards[j] == gardens)
        -:  114:		{
      672:  115:		  if (numPlayers == 2){ 
      336:  116:		    state->supplyCount[i] = 8; 
        -:  117:		  }
    #####:  118:		  else{ state->supplyCount[i] = 12; }
        -:  119:		}
        -:  120:	      else
        -:  121:		{
     3024:  122:		  state->supplyCount[i] = 10;
        -:  123:		}
     3360:  124:	      break;
        -:  125:	    }
        -:  126:	  else    //card is not in the set choosen for the game
        -:  127:	    {
    48720:  128:	      state->supplyCount[i] = -1;
        -:  129:	    }
        -:  130:	}
        -:  131:
        -:  132:    }
        -:  133:
        -:  134:  ////////////////////////
        -:  135:  //supply intilization complete
        -:  136:
        -:  137:  //set player decks
     1008:  138:  for (i = 0; i < numPlayers; i++)
        -:  139:    {
      672:  140:      state->deckCount[i] = 0;
     2688:  141:      for (j = 0; j < 3; j++)
        -:  142:	{
     2016:  143:	  state->deck[i][j] = estate;
     2016:  144:	  state->deckCount[i]++;
        -:  145:	}
     5376:  146:      for (j = 3; j < 10; j++)
        -:  147:	{
     4704:  148:	  state->deck[i][j] = copper;
     4704:  149:	  state->deckCount[i]++;		
        -:  150:	}
        -:  151:    }
        -:  152:
        -:  153:  //shuffle player decks
     1008:  154:  for (i = 0; i < numPlayers; i++)
        -:  155:    {
      672:  156:      if ( shuffle(i, state) < 0 )
        -:  157:	{
    #####:  158:	  return -1;
        -:  159:	}
        -:  160:    }
        -:  161:
        -:  162:  //draw player hands
     1008:  163:  for (i = 0; i < numPlayers; i++)
        -:  164:    {  
        -:  165:      //initialize hand size to zero
      672:  166:      state->handCount[i] = 0;
      672:  167:      state->discardCount[i] = 0;
        -:  168:      //draw 5 cards
        -:  169:      // for (j = 0; j < 5; j++)
        -:  170:      //	{
        -:  171:      //	  drawCard(i, state);
        -:  172:      //	}
        -:  173:    }
        -:  174:  
        -:  175:  //set embargo tokens to 0 for all supply piles
     9408:  176:  for (i = 0; i <= treasure_map; i++)
        -:  177:    {
     9072:  178:      state->embargoTokens[i] = 0;
        -:  179:    }
        -:  180:
        -:  181:  //initialize first player's turn
      336:  182:  state->outpostPlayed = 0;
      336:  183:  state->phase = 0;
      336:  184:  state->numActions = 1;
      336:  185:  state->numBuys = 1;
      336:  186:  state->playedCardCount = 0;
      336:  187:  state->whoseTurn = 0;
      336:  188:  state->handCount[state->whoseTurn] = 0;
        -:  189:  //int it; move to top
        -:  190:
        -:  191:  //Moved draw cards to here, only drawing at the start of a turn
     2016:  192:  for (it = 0; it < 5; it++){
     1680:  193:    drawCard(state->whoseTurn, state);
        -:  194:  }
        -:  195:
      336:  196:  updateCoins(state->whoseTurn, state, 0);
        -:  197:
      336:  198:  return 0;
        -:  199:}
        -:  200:
    80531:  201:int shuffle(int player, struct gameState *state) {
        -:  202: 
        -:  203:
        -:  204:  int newDeck[MAX_DECK];
    80531:  205:  int newDeckPos = 0;
        -:  206:  int card;
        -:  207:  int i;
        -:  208:
    80531:  209:  if (state->deckCount[player] < 1)
    38676:  210:    return -1;
    41855:  211:  qsort ((void*)(state->deck[player]), state->deckCount[player], sizeof(int), compare); 
        -:  212:  /* SORT CARDS IN DECK TO ENSURE DETERMINISM! */
        -:  213:
  4891968:  214:  while (state->deckCount[player] > 0) {
  4808258:  215:    card = floor(Random() * state->deckCount[player]);
  4808258:  216:    newDeck[newDeckPos] = state->deck[player][card];
  4808258:  217:    newDeckPos++;
238594651:  218:    for (i = card; i < state->deckCount[player]-1; i++) {
233786393:  219:      state->deck[player][i] = state->deck[player][i+1];
        -:  220:    }
  4808258:  221:    state->deckCount[player]--;
        -:  222:  }
  4850113:  223:  for (i = 0; i < newDeckPos; i++) {
  4808258:  224:    state->deck[player][i] = newDeck[i];
  4808258:  225:    state->deckCount[player]++;
        -:  226:  }
        -:  227:
    41855:  228:  return 0;
        -:  229:}
        -:  230:
    #####:  231:int playCard(int handPos, int choice1, int choice2, int choice3, struct gameState *state) 
        -:  232:{	
        -:  233:  int card;
    #####:  234:  int coin_bonus = 0; 		//tracks coins gain from actions
        -:  235:
        -:  236:  //check if it is the right phase
    #####:  237:  if (state->phase != 0)
        -:  238:    {
    #####:  239:      return -1;
        -:  240:    }
        -:  241:	
        -:  242:  //check if player has enough actions
    #####:  243:  if ( state->numActions < 1 )
        -:  244:    {
    #####:  245:      return -1;
        -:  246:    }
        -:  247:	
        -:  248:  //get card played
    #####:  249:  card = handCard(handPos, state);
        -:  250:	
        -:  251:  //check if selected card is an action
    #####:  252:  if ( card < adventurer || card > treasure_map )
        -:  253:    {
    #####:  254:      return -1;
        -:  255:    }
        -:  256:	
        -:  257:  //play card
    #####:  258:  if ( cardEffect(card, choice1, choice2, choice3, state, handPos, &coin_bonus) < 0 )
        -:  259:    {
    #####:  260:      return -1;
        -:  261:    }
        -:  262:	
        -:  263:  //reduce number of actions
    #####:  264:  state->numActions--;
        -:  265:
        -:  266:  //update coins (Treasure cards may be added with card draws)
    #####:  267:  updateCoins(state->whoseTurn, state, coin_bonus);
        -:  268:	
    #####:  269:  return 0;
        -:  270:}
        -:  271:
    #####:  272:int buyCard(int supplyPos, struct gameState *state) {
        -:  273:  int who;
        -:  274:  if (DEBUG){
        -:  275:    printf("Entering buyCard...\n");
        -:  276:  }
        -:  277:
        -:  278:  // I don't know what to do about the phase thing.
        -:  279:
    #####:  280:  who = state->whoseTurn;
        -:  281:
    #####:  282:  if (state->numBuys < 1){
        -:  283:    if (DEBUG)
        -:  284:      printf("You do not have any buys left\n");
    #####:  285:    return -1;
    #####:  286:  } else if (supplyCount(supplyPos, state) <1){
        -:  287:    if (DEBUG)
        -:  288:      printf("There are not any of that type of card left\n");
    #####:  289:    return -1;
    #####:  290:  } else if (state->coins < getCost(supplyPos)){
        -:  291:    if (DEBUG) 
        -:  292:      printf("You do not have enough money to buy that. You have %d coins.\n", state->coins);
    #####:  293:    return -1;
        -:  294:  } else {
    #####:  295:    state->phase=1;
        -:  296:    //state->supplyCount[supplyPos]--;
    #####:  297:    gainCard(supplyPos, state, 0, who); //card goes in discard, this might be wrong.. (2 means goes into hand, 0 goes into discard)
        -:  298:  
    #####:  299:    state->coins = (state->coins) - (getCost(supplyPos));
    #####:  300:    state->numBuys--;
        -:  301:    if (DEBUG)
        -:  302:      printf("You bought card number %d for %d coins. You now have %d buys and %d coins.\n", supplyPos, getCost(supplyPos), state->numBuys, state->coins);
        -:  303:  }
        -:  304:
        -:  305:  //state->discard[who][state->discardCount[who]] = supplyPos;
        -:  306:  //state->discardCount[who]++;
        -:  307:    
    #####:  308:  return 0;
        -:  309:}
        -:  310:
    #####:  311:int numHandCards(struct gameState *state) {
    #####:  312:  return state->handCount[ whoseTurn(state) ];
        -:  313:}
        -:  314:
    #####:  315:int handCard(int handPos, struct gameState *state) {
    #####:  316:  int currentPlayer = whoseTurn(state);
    #####:  317:  return state->hand[currentPlayer][handPos];
        -:  318:}
        -:  319:
    #####:  320:int supplyCount(int card, struct gameState *state) {
    #####:  321:  return state->supplyCount[card];
        -:  322:}
        -:  323:
    #####:  324:int fullDeckCount(int player, int card, struct gameState *state) {
        -:  325:  int i;
    #####:  326:  int count = 0;
        -:  327:
    #####:  328:  for (i = 0; i < state->deckCount[player]; i++)
        -:  329:    {
    #####:  330:      if (state->deck[player][i] == card) count++;
        -:  331:    }
        -:  332:
    #####:  333:  for (i = 0; i < state->handCount[player]; i++)
        -:  334:    {
    #####:  335:      if (state->hand[player][i] == card) count++;
        -:  336:    }
        -:  337:
    #####:  338:  for (i = 0; i < state->discardCount[player]; i++)
        -:  339:    {
    #####:  340:      if (state->discard[player][i] == card) count++;
        -:  341:    }
        -:  342:
    #####:  343:  return count;
        -:  344:}
        -:  345:
     1630:  346:int whoseTurn(struct gameState *state) {
     1630:  347:  return state->whoseTurn;
        -:  348:}
        -:  349:
    #####:  350:int endTurn(struct gameState *state) {
        -:  351:  int k;
        -:  352:  int i;
    #####:  353:  int currentPlayer = whoseTurn(state);
        -:  354:  
        -:  355:  //Discard hand
    #####:  356:  for (i = 0; i < state->handCount[currentPlayer]; i++){
    #####:  357:    state->discard[currentPlayer][state->discardCount[currentPlayer]++] = state->hand[currentPlayer][i];//Discard
    #####:  358:    state->hand[currentPlayer][i] = -1;//Set card to -1
        -:  359:  }
    #####:  360:  state->handCount[currentPlayer] = 0;//Reset hand count
        -:  361:    
        -:  362:  //Code for determining the player
    #####:  363:  if (currentPlayer < (state->numPlayers - 1)){ 
    #####:  364:    state->whoseTurn = currentPlayer + 1;//Still safe to increment
        -:  365:  }
        -:  366:  else{
    #####:  367:    state->whoseTurn = 0;//Max player has been reached, loop back around to player 1
        -:  368:  }
        -:  369:
    #####:  370:  state->outpostPlayed = 0;
    #####:  371:  state->phase = 0;
    #####:  372:  state->numActions = 1;
    #####:  373:  state->coins = 0;
    #####:  374:  state->numBuys = 1;
    #####:  375:  state->playedCardCount = 0;
    #####:  376:  state->handCount[state->whoseTurn] = 0;
        -:  377:
        -:  378:  //int k; move to top
        -:  379:  //Next player draws hand
    #####:  380:  for (k = 0; k < 5; k++){
    #####:  381:    drawCard(state->whoseTurn, state);//Draw a card
        -:  382:  }
        -:  383:
        -:  384:  //Update money
    #####:  385:  updateCoins(state->whoseTurn, state , 0);
        -:  386:
    #####:  387:  return 0;
        -:  388:}
        -:  389:
    #####:  390:int isGameOver(struct gameState *state) {
        -:  391:  int i;
        -:  392:  int j;
        -:  393:	
        -:  394:  //if stack of Province cards is empty, the game ends
    #####:  395:  if (state->supplyCount[province] == 0)
        -:  396:    {
    #####:  397:      return 1;
        -:  398:    }
        -:  399:
        -:  400:  //if three supply pile are at 0, the game ends
    #####:  401:  j = 0;
    #####:  402:  for (i = 0; i < 25; i++)
        -:  403:    {
    #####:  404:      if (state->supplyCount[i] == 0)
        -:  405:	{
    #####:  406:	  j++;
        -:  407:	}
        -:  408:    }
    #####:  409:  if ( j >= 3)
        -:  410:    {
    #####:  411:      return 1;
        -:  412:    }
        -:  413:
    #####:  414:  return 0;
        -:  415:}
        -:  416:
    #####:  417:int scoreFor (int player, struct gameState *state) {
        -:  418:
        -:  419:  int i;
    #####:  420:  int score = 0;
        -:  421:  //score from hand
    #####:  422:  for (i = 0; i < state->handCount[player]; i++)
        -:  423:    {
    #####:  424:      if (state->hand[player][i] == curse) { score = score - 1; };
    #####:  425:      if (state->hand[player][i] == estate) { score = score + 1; };
    #####:  426:      if (state->hand[player][i] == duchy) { score = score + 3; };
    #####:  427:      if (state->hand[player][i] == province) { score = score + 6; };
    #####:  428:      if (state->hand[player][i] == great_hall) { score = score + 1; };
    #####:  429:      if (state->hand[player][i] == gardens) { score = score + ( fullDeckCount(player, 0, state) / 10 ); };
        -:  430:    }
        -:  431:
        -:  432:  //score from discard
    #####:  433:  for (i = 0; i < state->discardCount[player]; i++)
        -:  434:    {
    #####:  435:      if (state->discard[player][i] == curse) { score = score - 1; };
    #####:  436:      if (state->discard[player][i] == estate) { score = score + 1; };
    #####:  437:      if (state->discard[player][i] == duchy) { score = score + 3; };
    #####:  438:      if (state->discard[player][i] == province) { score = score + 6; };
    #####:  439:      if (state->discard[player][i] == great_hall) { score = score + 1; };
    #####:  440:      if (state->discard[player][i] == gardens) { score = score + ( fullDeckCount(player, 0, state) / 10 ); };
        -:  441:    }
        -:  442:
        -:  443:  //score from deck
    #####:  444:  for (i = 0; i < state->discardCount[player]; i++)
        -:  445:    {
    #####:  446:      if (state->deck[player][i] == curse) { score = score - 1; };
    #####:  447:      if (state->deck[player][i] == estate) { score = score + 1; };
    #####:  448:      if (state->deck[player][i] == duchy) { score = score + 3; };
    #####:  449:      if (state->deck[player][i] == province) { score = score + 6; };
    #####:  450:      if (state->deck[player][i] == great_hall) { score = score + 1; };
    #####:  451:      if (state->deck[player][i] == gardens) { score = score + ( fullDeckCount(player, 0, state) / 10 ); };
        -:  452:    }
        -:  453:
    #####:  454:  return score;
        -:  455:}
        -:  456:
    #####:  457:int getWinners(int players[MAX_PLAYERS], struct gameState *state) {
        -:  458:  int i;	
        -:  459:  int j;
        -:  460:  int highScore;
        -:  461:  int currentPlayer;
        -:  462:
        -:  463:  //get score for each player
    #####:  464:  for (i = 0; i < MAX_PLAYERS; i++)
        -:  465:    {
        -:  466:      //set unused player scores to -9999
    #####:  467:      if (i >= state->numPlayers)
        -:  468:	{
    #####:  469:	  players[i] = -9999;
        -:  470:	}
        -:  471:      else
        -:  472:	{
    #####:  473:	  players[i] = scoreFor (i, state);
        -:  474:	}
        -:  475:    }
        -:  476:
        -:  477:  //find highest score
    #####:  478:  j = 0;
    #####:  479:  for (i = 0; i < MAX_PLAYERS; i++)
        -:  480:    {
    #####:  481:      if (players[i] > players[j])
        -:  482:	{
    #####:  483:	  j = i;
        -:  484:	}
        -:  485:    }
    #####:  486:  highScore = players[j];
        -:  487:
        -:  488:  //add 1 to players who had less turns
    #####:  489:  currentPlayer = whoseTurn(state);
    #####:  490:  for (i = 0; i < MAX_PLAYERS; i++)
        -:  491:    {
    #####:  492:      if ( players[i] == highScore && i > currentPlayer )
        -:  493:	{
    #####:  494:	  players[i]++;
        -:  495:	}
        -:  496:    }
        -:  497:
        -:  498:  //find new highest score
    #####:  499:  j = 0;
    #####:  500:  for (i = 0; i < MAX_PLAYERS; i++)
        -:  501:    {
    #####:  502:      if ( players[i] > players[j] )
        -:  503:	{
    #####:  504:	  j = i;
        -:  505:	}
        -:  506:    }
    #####:  507:  highScore = players[j];
        -:  508:
        -:  509:  //set winners in array to 1 and rest to 0
    #####:  510:  for (i = 0; i < MAX_PLAYERS; i++)
        -:  511:    {
    #####:  512:      if ( players[i] == highScore )
        -:  513:	{
    #####:  514:	  players[i] = 1;
        -:  515:	}
        -:  516:      else
        -:  517:	{
    #####:  518:	  players[i] = 0;
        -:  519:	}
        -:  520:    }
        -:  521:
    #####:  522:  return 0;
        -:  523:}
        -:  524:
    83193:  525:int drawCard(int player, struct gameState *state)
        -:  526:{	int count;
        -:  527:  int deckCounter;
    83193:  528:  if (state->deckCount[player] <= 0){//Deck is empty
        -:  529:    
        -:  530:    //Step 1 Shuffle the discard pile back into a deck
        -:  531:    int i;
        -:  532:    //Move discard to deck
    39936:  533:    for (i = 0; i < state->discardCount[player];i++){
     1255:  534:      state->deck[player][i] = state->discard[player][i];
     1255:  535:      state->discard[player][i] = -1;
        -:  536:    }
        -:  537:
    38681:  538:    state->deckCount[player] = state->discardCount[player];
    38681:  539:    state->discardCount[player] = 0;//Reset discard
        -:  540:
        -:  541:    //Shufffle the deck
    38681:  542:    shuffle(player, state);//Shuffle the deck up and make it so that we can draw
        -:  543:   
        -:  544:    if (DEBUG){//Debug statements
        -:  545:      printf("Deck count now: %d\n", state->deckCount[player]);
        -:  546:    }
        -:  547:    
    38681:  548:    state->discardCount[player] = 0;
        -:  549:
        -:  550:    //Step 2 Draw Card
    38681:  551:    count = state->handCount[player];//Get current player's hand count
        -:  552:    
        -:  553:    if (DEBUG){//Debug statements
        -:  554:      printf("Current hand count: %d\n", count);
        -:  555:    }
        -:  556:    
    38681:  557:    deckCounter = state->deckCount[player];//Create a holder for the deck count
        -:  558:
    38681:  559:    if (deckCounter == 0)
    38676:  560:      return -1;
        -:  561:
        5:  562:    state->hand[player][count] = state->deck[player][deckCounter - 1];//Add card to hand
        5:  563:    state->deckCount[player]--;
        5:  564:    state->handCount[player]++;//Increment hand count
        -:  565:  }
        -:  566:
        -:  567:  else{
    44512:  568:    int count = state->handCount[player];//Get current hand count for player
        -:  569:    int deckCounter;
        -:  570:    if (DEBUG){//Debug statements
        -:  571:      printf("Current hand count: %d\n", count);
        -:  572:    }
        -:  573:
    44512:  574:    deckCounter = state->deckCount[player];//Create holder for the deck count
    44512:  575:    state->hand[player][count] = state->deck[player][deckCounter - 1];//Add card to the hand
    44512:  576:    state->deckCount[player]--;
    44512:  577:    state->handCount[player]++;//Increment hand count
        -:  578:  }
        -:  579:
    44517:  580:  return 0;
        -:  581:}
        -:  582:
    #####:  583:int getCost(int cardNumber)
        -:  584:{
    #####:  585:  switch( cardNumber ) 
        -:  586:    {
        -:  587:    case curse:
    #####:  588:      return 0;
        -:  589:    case estate:
    #####:  590:      return 2;
        -:  591:    case duchy:
    #####:  592:      return 5;
        -:  593:    case province:
    #####:  594:      return 8;
        -:  595:    case copper:
    #####:  596:      return 0;
        -:  597:    case silver:
    #####:  598:      return 3;
        -:  599:    case gold:
    #####:  600:      return 6;
        -:  601:    case adventurer:
    #####:  602:      return 6;
        -:  603:    case council_room:
    #####:  604:      return 5;
        -:  605:    case feast:
    #####:  606:      return 4;
        -:  607:    case gardens:
    #####:  608:      return 4;
        -:  609:    case mine:
    #####:  610:      return 5;
        -:  611:    case remodel:
    #####:  612:      return 4;
        -:  613:    case smithy:
    #####:  614:      return 4;
        -:  615:    case village:
    #####:  616:      return 3;
        -:  617:    case baron:
    #####:  618:      return 4;
        -:  619:    case great_hall:
    #####:  620:      return 3;
        -:  621:    case minion:
    #####:  622:      return 5;
        -:  623:    case steward:
    #####:  624:      return 3;
        -:  625:    case tribute:
    #####:  626:      return 5;
        -:  627:    case ambassador:
    #####:  628:      return 3;
        -:  629:    case cutpurse:
    #####:  630:      return 4;
        -:  631:    case embargo: 
    #####:  632:      return 2;
        -:  633:    case outpost:
    #####:  634:      return 5;
        -:  635:    case salvager:
    #####:  636:      return 4;
        -:  637:    case sea_hag:
    #####:  638:      return 4;
        -:  639:    case treasure_map:
    #####:  640:      return 4;
        -:  641:    }
        -:  642:	
    #####:  643:  return -1;
        -:  644:}
        -:  645:
        -:  646:
      334:  647:void adventurer_duplicate(struct gameState *state, int currentPlayer){
        -:  648:	
      334:  649:	int cardDrawn = 0;
      334:  650:	int drawntreasure = 0;
        -:  651:	int temphand[MAX_HAND];
      334:  652:	int z = 0;
    80845:  653:		while(drawntreasure<2){
    80177:  654:			if (state->deckCount[currentPlayer] >1){//if the deck is empty we need to shuffle discard and add to deck, modified <1 to >1
    41178:  655:			shuffle(currentPlayer, state);
        -:  656:			}
    80177:  657:			drawCard(currentPlayer, state);
    80177:  658:			cardDrawn = state->hand[currentPlayer][state->handCount[currentPlayer]-1];//top card of hand is most recently drawn card.
    80177:  659:			if (cardDrawn == copper || cardDrawn == silver || cardDrawn == gold)
      668:  660:			drawntreasure++;
        -:  661:			else{
    79509:  662:			temphand[z]=cardDrawn;
    79509:  663:			state->handCount[currentPlayer]--; //this should just remove the top card (the most recently drawn one).
    79509:  664:			z++;
        -:  665:			} 
        -:  666:		}
    80177:  667:		while(z-1>=0){
    79509:  668:			state->discard[currentPlayer][state->discardCount[currentPlayer]++]=temphand[z-1]; // discard all cards in play that have been drawn
    79509:  669:			z=z-1;
        -:  670:			}
      334:  671:	}
        -:  672:
      668:  673:void smithy_duplicate(struct gameState *state, int currentPlayer, int handPos){
        -:  674:		int i;
        -:  675:	      //+3 Cards
     2004:  676:      for (i = 0; i < 2; i++)   //modified i<3 to i<2
        -:  677:	{
     1336:  678:	  drawCard(currentPlayer, state);
        -:  679:	}
        -:  680:			
        -:  681:      //discard card from hand
      668:  682:      discardCard(handPos, currentPlayer, state, 0);
      668:  683:	}
        -:  684:	
        -:  685:	
    #####:  686:void minion_duplicate(int choice1, int choice2, int choice3, struct gameState *state, int currentPlayer, int handPos){
        -:  687:	int i, j;
        -:  688:		      //+1 action
    #####:  689:      state->numActions++;
        -:  690:			
        -:  691:      //discard card from hand
    #####:  692:      discardCard(handPos, currentPlayer, state, 0);
        -:  693:			
    #####:  694:      if (choice1)		//+2 coins
        -:  695:	{
    #####:  696:	  state->coins = state->coins + 2;
        -:  697:	}
        -:  698:			
    #####:  699:      else if (choice2)		//discard hand, redraw 4, other players with 5+ cards discard hand and draw 4
        -:  700:	{
        -:  701:	  //discard hand
    #####:  702:	  while(numHandCards(state) > 0)
        -:  703:	    {
    #####:  704:	      discardCard(handPos, currentPlayer, state, 0);
        -:  705:	    }
        -:  706:				
        -:  707:	  //draw 4
    #####:  708:	  for (i = 0; i < 4; i++)
        -:  709:	    {
    #####:  710:	      drawCard(currentPlayer, state);
        -:  711:	    }
        -:  712:				
        -:  713:	  //other players discard hand and redraw if hand size > 4
    #####:  714:	  for (i = 0; i < state->numPlayers; i++)
        -:  715:	    {
    #####:  716:	      if (i != currentPlayer)
        -:  717:		{
    #####:  718:		  if ( state->handCount[i] > 2 )     //modified >4 to >2 
        -:  719:		    {
        -:  720:		      //discard hand
    #####:  721:		      while( state->handCount[i] > 0 )
        -:  722:			{
    #####:  723:			  discardCard(handPos, i, state, 0);
        -:  724:			}
        -:  725:							
        -:  726:		      //draw 4
    #####:  727:		      for (j = 0; j < 4; j++)
        -:  728:			{
    #####:  729:			  drawCard(i, state);
        -:  730:			}
        -:  731:		    }
        -:  732:		}
        -:  733:	    }
        -:  734:				
        -:  735:	}
    #####:  736:	}
        -:  737:	
    #####:  738:void steward_duplicate(int choice1, int choice2, int choice3, struct gameState *state, int currentPlayer, int handPos){
    #####:  739:	if (choice1 = 1)      //modified == to =
        -:  740:	{
        -:  741:	  //+2 cards
    #####:  742:	  drawCard(currentPlayer, state);
    #####:  743:	  drawCard(currentPlayer, state);
        -:  744:	}
        -:  745:      else if (choice1 == 2)
        -:  746:	{
        -:  747:	  //+2 coins
        -:  748:	  state->coins = state->coins + 2;
        -:  749:	}
        -:  750:      else
        -:  751:	{
        -:  752:	  //trash 2 cards in hand
        -:  753:	  discardCard(choice2, currentPlayer, state, 1);
        -:  754:	  discardCard(choice3, currentPlayer, state, 1);
        -:  755:	}
        -:  756:			
        -:  757:      //discard card from hand
    #####:  758:      discardCard(handPos, currentPlayer, state, 0);
    #####:  759:}
        -:  760:/*
        -:  761:void village_duplicate(struct gameState *state, int currentPlayer, int handPos){
        -:  762:      //+1 Card
        -:  763:      drawCard(currentPlayer, state);
        -:  764:			
        -:  765:      //+2 Actions
        -:  766:      state->numActions = state->numActions + 2;
        -:  767:			
        -:  768:      //discard played card from hand
        -:  769:      discardCard(handPos, currentPlayer, state, 0);
        -:  770:}
        -:  771:
        -:  772:*/
     1630:  773:int cardEffect(int card, int choice1, int choice2, int choice3, struct gameState *state, int handPos, int *bonus)
        -:  774:{
        -:  775:  int i;
        -:  776:  int j;
        -:  777:  int k;
        -:  778:  int x;
        -:  779:  int index;
     1630:  780:  int currentPlayer = whoseTurn(state);
     1630:  781:  int nextPlayer = currentPlayer + 1;
        -:  782:
     1630:  783:  int tributeRevealedCards[2] = {-1, -1};
        -:  784:  int temphand[MAX_HAND];// moved above the if statement
     1630:  785:  int drawntreasure=0;
        -:  786:  int cardDrawn;
     1630:  787:  int z = 0;// this is the counter for the temp hand
     1630:  788:  if (nextPlayer > (state->numPlayers - 1)){
      952:  789:    nextPlayer = 0;
        -:  790:  }
        -:  791:/*  
        -:  792:int minion_duplicate(struct gameState *state, int currentPlayer, int handPos){
        -:  793:
        -:  794:		      //+1 action
        -:  795:      state->numActions++;
        -:  796:			
        -:  797:      //discard card from hand
        -:  798:      discardCard(handPos, currentPlayer, state, 0);
        -:  799:			
        -:  800:      if (choice1)		//+2 coins
        -:  801:	{
        -:  802:	  state->coins = state->coins + 2;
        -:  803:	}
        -:  804:			
        -:  805:      else if (choice2)		//discard hand, redraw 4, other players with 5+ cards discard hand and draw 4
        -:  806:	{
        -:  807:	  //discard hand
        -:  808:	  while(numHandCards(state) > 0)
        -:  809:	    {
        -:  810:	      discardCard(handPos, currentPlayer, state, 0);
        -:  811:	    }
        -:  812:				
        -:  813:	  //draw 4
        -:  814:	  for (i = 0; i < 4; i++)
        -:  815:	    {
        -:  816:	      drawCard(currentPlayer, state);
        -:  817:	    }
        -:  818:				
        -:  819:	  //other players discard hand and redraw if hand size > 4
        -:  820:	  for (i = 0; i < state->numPlayers; i++)
        -:  821:	    {
        -:  822:	      if (i != currentPlayer)
        -:  823:		{
        -:  824:		  if ( state->handCount[i] > 2 )     //modified >4 to >2 
        -:  825:		    {
        -:  826:		      //discard hand
        -:  827:		      while( state->handCount[i] > 0 )
        -:  828:			{
        -:  829:			  discardCard(handPos, i, state, 0);
        -:  830:			}
        -:  831:							
        -:  832:		      //draw 4
        -:  833:		      for (j = 0; j < 4; j++)
        -:  834:			{
        -:  835:			  drawCard(i, state);
        -:  836:			}
        -:  837:		    }
        -:  838:		}
        -:  839:	    }
        -:  840:				
        -:  841:	}
        -:  842:      return 0;
        -:  843:	}
        -:  844:	
        -:  845:
        -:  846:	
        -:  847:	int steward_duplicate(struct gameState *state, int currentPlayer, int handPos){
        -:  848:	if (choice1 = 1)      //modified == to =
        -:  849:	{
        -:  850:	  //+2 cards
        -:  851:	  drawCard(currentPlayer, state);
        -:  852:	  drawCard(currentPlayer, state);
        -:  853:	}
        -:  854:      else if (choice1 == 2)
        -:  855:	{
        -:  856:	  //+2 coins
        -:  857:	  state->coins = state->coins + 2;
        -:  858:	}
        -:  859:      else
        -:  860:	{
        -:  861:	  //trash 2 cards in hand
        -:  862:	  discardCard(choice2, currentPlayer, state, 1);
        -:  863:	  discardCard(choice3, currentPlayer, state, 1);
        -:  864:	}
        -:  865:			
        -:  866:      //discard card from hand
        -:  867:      discardCard(handPos, currentPlayer, state, 0);
        -:  868:      return 0;
        -:  869:	}
        -:  870:	
        -:  871:	
        -:  872:*/
        -:  873:	
        -:  874:	
        -:  875:  //uses switch to select card and perform actions
     1630:  876:  switch( card ) 
        -:  877:    {
        -:  878:    case adventurer:
      334:  879:		adventurer_duplicate(state, currentPlayer);
      334:  880:			return 0;
        -:  881:			
        -:  882:    case council_room:
        -:  883:      //+4 Cards
    #####:  884:      for (i = 0; i < 4; i++)
        -:  885:	{
    #####:  886:	  drawCard(currentPlayer, state);
        -:  887:	}
        -:  888:			
        -:  889:      //+1 Buy
    #####:  890:      state->numBuys++;
        -:  891:			
        -:  892:      //Each other player draws a card
    #####:  893:      for (i = 0; i < state->numPlayers; i++)
        -:  894:	{
    #####:  895:	  if ( i != currentPlayer )
        -:  896:	    {
    #####:  897:	      drawCard(i, state);
        -:  898:	    }
        -:  899:	}
        -:  900:			
        -:  901:      //put played card in played card pile
    #####:  902:      discardCard(handPos, currentPlayer, state, 0);
        -:  903:			
    #####:  904:      return 0;
        -:  905:			
        -:  906:    case feast:
        -:  907:      //gain card with cost up to 5
        -:  908:      //Backup hand
    #####:  909:      for (i = 0; i <= state->handCount[currentPlayer]; i++){
    #####:  910:	temphand[i] = state->hand[currentPlayer][i];//Backup card
    #####:  911:	state->hand[currentPlayer][i] = -1;//Set to nothing
        -:  912:      }
        -:  913:      //Backup hand
        -:  914:
        -:  915:      //Update Coins for Buy
    #####:  916:      updateCoins(currentPlayer, state, 5);
    #####:  917:      x = 1;//Condition to loop on
    #####:  918:      while( x == 1) {//Buy one card
    #####:  919:	if (supplyCount(choice1, state) <= 0){
        -:  920:	  if (DEBUG)
        -:  921:	    printf("None of that card left, sorry!\n");
        -:  922:
        -:  923:	  if (DEBUG){
        -:  924:	    printf("Cards Left: %d\n", supplyCount(choice1, state));
        -:  925:	  }
        -:  926:	}
    #####:  927:	else if (state->coins < getCost(choice1)){
    #####:  928:	  printf("That card is too expensive!\n");
        -:  929:
        -:  930:	  if (DEBUG){
        -:  931:	    printf("Coins: %d < %d\n", state->coins, getCost(choice1));
        -:  932:	  }
        -:  933:	}
        -:  934:	else{
        -:  935:
        -:  936:	  if (DEBUG){
        -:  937:	    printf("Deck Count: %d\n", state->handCount[currentPlayer] + state->deckCount[currentPlayer] + state->discardCount[currentPlayer]);
        -:  938:	  }
        -:  939:
    #####:  940:	  gainCard(choice1, state, 0, currentPlayer);//Gain the card
    #####:  941:	  x = 0;//No more buying cards
        -:  942:
        -:  943:	  if (DEBUG){
        -:  944:	    printf("Deck Count: %d\n", state->handCount[currentPlayer] + state->deckCount[currentPlayer] + state->discardCount[currentPlayer]);
        -:  945:	  }
        -:  946:
        -:  947:	}
        -:  948:      }     
        -:  949:
        -:  950:      //Reset Hand
    #####:  951:      for (i = 0; i <= state->handCount[currentPlayer]; i++){
    #####:  952:	state->hand[currentPlayer][i] = temphand[i];
    #####:  953:	temphand[i] = -1;
        -:  954:      }
        -:  955:      //Reset Hand
        -:  956:      			
    #####:  957:      return 0;
        -:  958:			
        -:  959:    case gardens:
    #####:  960:      return -1;
        -:  961:			
        -:  962:    case mine:
    #####:  963:      j = state->hand[currentPlayer][choice1];  //store card we will trash
        -:  964:
    #####:  965:      if (state->hand[currentPlayer][choice1] < copper || state->hand[currentPlayer][choice1] > gold)
        -:  966:	{
    #####:  967:	  return -1;
        -:  968:	}
        -:  969:		
    #####:  970:      if (choice2 > treasure_map || choice2 < curse)
        -:  971:	{
    #####:  972:	  return -1;
        -:  973:	}
        -:  974:
    #####:  975:      if ( (getCost(state->hand[currentPlayer][choice1]) + 3) > getCost(choice2) )
        -:  976:	{
    #####:  977:	  return -1;
        -:  978:	}
        -:  979:
    #####:  980:      gainCard(choice2, state, 2, currentPlayer);
        -:  981:
        -:  982:      //discard card from hand
    #####:  983:      discardCard(handPos, currentPlayer, state, 0);
        -:  984:
        -:  985:      //discard trashed card
    #####:  986:      for (i = 0; i < state->handCount[currentPlayer]; i++)
        -:  987:	{
    #####:  988:	  if (state->hand[currentPlayer][i] == j)
        -:  989:	    {
    #####:  990:	      discardCard(i, currentPlayer, state, 0);			
    #####:  991:	      break;
        -:  992:	    }
        -:  993:	}
        -:  994:			
    #####:  995:      return 0;
        -:  996:			
        -:  997:    case remodel:
    #####:  998:      j = state->hand[currentPlayer][choice1];  //store card we will trash
        -:  999:
    #####: 1000:      if ( (getCost(state->hand[currentPlayer][choice1]) + 2) > getCost(choice2) )
        -: 1001:	{
    #####: 1002:	  return -1;
        -: 1003:	}
        -: 1004:
    #####: 1005:      gainCard(choice2, state, 0, currentPlayer);
        -: 1006:
        -: 1007:      //discard card from hand
    #####: 1008:      discardCard(handPos, currentPlayer, state, 0);
        -: 1009:
        -: 1010:      //discard trashed card
    #####: 1011:      for (i = 0; i < state->handCount[currentPlayer]; i++)
        -: 1012:	{
    #####: 1013:	  if (state->hand[currentPlayer][i] == j)
        -: 1014:	    {
    #####: 1015:	      discardCard(i, currentPlayer, state, 0);			
    #####: 1016:	      break;
        -: 1017:	    }
        -: 1018:	}
        -: 1019:
        -: 1020:
    #####: 1021:      return 0;
        -: 1022:		
        -: 1023:    case smithy:
      668: 1024:      smithy_duplicate(state, currentPlayer, handPos);
      668: 1025:		return 0;
        -: 1026:		//struct gameState *state, int currentPlayer, int handPos
        -: 1027:	//case village:
        -: 1028:	//	village_duplicate(state, currentPlayer, handPos);
        -: 1029:     // return 0;
        -: 1030:		
        -: 1031:    case baron:
    #####: 1032:      state->numBuys++;//Increase buys by 1!
    #####: 1033:      if (choice1 > 0){//Boolean true or going to discard an estate
    #####: 1034:	int p = 0;//Iterator for hand!
    #####: 1035:	int card_not_discarded = 1;//Flag for discard set!
    #####: 1036:	while(card_not_discarded){
    #####: 1037:	  if (state->hand[currentPlayer][p] == estate){//Found an estate card!
    #####: 1038:	    state->coins += 4;//Add 4 coins to the amount of coins
    #####: 1039:	    state->discard[currentPlayer][state->discardCount[currentPlayer]] = state->hand[currentPlayer][p];
    #####: 1040:	    state->discardCount[currentPlayer]++;
    #####: 1041:	    for (;p < state->handCount[currentPlayer]; p++){
    #####: 1042:	      state->hand[currentPlayer][p] = state->hand[currentPlayer][p+1];
        -: 1043:	    }
    #####: 1044:	    state->hand[currentPlayer][state->handCount[currentPlayer]] = -1;
    #####: 1045:	    state->handCount[currentPlayer]--;
    #####: 1046:	    card_not_discarded = 0;//Exit the loop
        -: 1047:	  }
    #####: 1048:	  else if (p > state->handCount[currentPlayer]){
        -: 1049:	    if(DEBUG) {
        -: 1050:	      printf("No estate cards in your hand, invalid choice\n");
        -: 1051:	      printf("Must gain an estate if there are any\n");
        -: 1052:	    }
    #####: 1053:	    if (supplyCount(estate, state) > 0){
    #####: 1054:	      gainCard(estate, state, 0, currentPlayer);
    #####: 1055:	      state->supplyCount[estate]--;//Decrement estates
    #####: 1056:	      if (supplyCount(estate, state) == 0){
    #####: 1057:		isGameOver(state);
        -: 1058:	      }
        -: 1059:	    }
    #####: 1060:	    card_not_discarded = 0;//Exit the loop
        -: 1061:	  }
        -: 1062:			    
        -: 1063:	  else{
    #####: 1064:	    p++;//Next card
        -: 1065:	  }
        -: 1066:	}
        -: 1067:      }
        -: 1068:			    
        -: 1069:      else{
    #####: 1070:	if (supplyCount(estate, state) > 0){
    #####: 1071:	  gainCard(estate, state, 0, currentPlayer);//Gain an estate
    #####: 1072:	  state->supplyCount[estate]--;//Decrement Estates
    #####: 1073:	  if (supplyCount(estate, state) == 0){
    #####: 1074:	    isGameOver(state);
        -: 1075:	  }
        -: 1076:	}
        -: 1077:      }
        -: 1078:	    
        -: 1079:      
    #####: 1080:      return 0;
        -: 1081:		
        -: 1082:    case great_hall:
        -: 1083:      //+1 Card
    #####: 1084:      drawCard(currentPlayer, state);
        -: 1085:			
        -: 1086:      //+1 Actions
    #####: 1087:      state->numActions++;
        -: 1088:			
        -: 1089:      //discard card from hand
    #####: 1090:      discardCard(handPos, currentPlayer, state, 0);
    #####: 1091:      return 0;
        -: 1092:	
        -: 1093:    case minion:
    #####: 1094:		minion_duplicate(choice1, choice2, choice3, state, currentPlayer, handPos);
    #####: 1095:			return 0;
        -: 1096:		
        -: 1097:    case steward:
    #####: 1098:      steward_duplicate(choice1, choice2, choice3, state, currentPlayer, handPos);
    #####: 1099:		return 0;
        -: 1100:		
        -: 1101:    case tribute:
    #####: 1102:      if ((state->discardCount[nextPlayer] + state->deckCount[nextPlayer]) <= 1){
    #####: 1103:	if (state->deckCount[nextPlayer] > 0){
    #####: 1104:	  tributeRevealedCards[0] = state->deck[nextPlayer][state->deckCount[nextPlayer]-1];
    #####: 1105:	  state->deckCount[nextPlayer]--;
        -: 1106:	}
    #####: 1107:	else if (state->discardCount[nextPlayer] > 0){
    #####: 1108:	  tributeRevealedCards[0] = state->discard[nextPlayer][state->discardCount[nextPlayer]-1];
    #####: 1109:	  state->discardCount[nextPlayer]--;
        -: 1110:	}
        -: 1111:	else{
        -: 1112:	  //No Card to Reveal
        -: 1113:	  if (DEBUG){
        -: 1114:	    printf("No cards to reveal\n");
        -: 1115:	  }
        -: 1116:	}
        -: 1117:      }
        -: 1118:	    
        -: 1119:      else{
    #####: 1120:	if (state->deckCount[nextPlayer] == 0){
    #####: 1121:	  for (i = 0; i < state->discardCount[nextPlayer]; i++){
    #####: 1122:	    state->deck[nextPlayer][i] = state->discard[nextPlayer][i];//Move to deck
    #####: 1123:	    state->deckCount[nextPlayer]++;
    #####: 1124:	    state->discard[nextPlayer][i] = -1;
    #####: 1125:	    state->discardCount[nextPlayer]--;
        -: 1126:	  }
        -: 1127:			    
    #####: 1128:	  shuffle(nextPlayer,state);//Shuffle the deck
        -: 1129:	} 
    #####: 1130:	tributeRevealedCards[0] = state->deck[nextPlayer][state->deckCount[nextPlayer]-1];
    #####: 1131:	state->deck[nextPlayer][state->deckCount[nextPlayer]--] = -1;
    #####: 1132:	state->deckCount[nextPlayer]--;
    #####: 1133:	tributeRevealedCards[1] = state->deck[nextPlayer][state->deckCount[nextPlayer]-1];
    #####: 1134:	state->deck[nextPlayer][state->deckCount[nextPlayer]--] = -1;
    #####: 1135:	state->deckCount[nextPlayer]--;
        -: 1136:      }    
        -: 1137:		       
    #####: 1138:      if (tributeRevealedCards[0] == tributeRevealedCards[1]){//If we have a duplicate card, just drop one 
    #####: 1139:	state->playedCards[state->playedCardCount] = tributeRevealedCards[1];
    #####: 1140:	state->playedCardCount++;
    #####: 1141:	tributeRevealedCards[1] = -1;
        -: 1142:      }
        -: 1143:
    #####: 1144:      for (i = 0; i <= 2; i ++){
    #####: 1145:	if (tributeRevealedCards[i] == copper || tributeRevealedCards[i] == silver || tributeRevealedCards[i] == gold){//Treasure cards
    #####: 1146:	  state->coins += 2;
        -: 1147:	}
        -: 1148:		    
    #####: 1149:	else if (tributeRevealedCards[i] == estate || tributeRevealedCards[i] == duchy || tributeRevealedCards[i] == province || tributeRevealedCards[i] == gardens || tributeRevealedCards[i] == great_hall){//Victory Card Found
    #####: 1150:	  drawCard(currentPlayer, state);
    #####: 1151:	  drawCard(currentPlayer, state);
        -: 1152:	}
        -: 1153:	else{//Action Card
    #####: 1154:	  state->numActions = state->numActions + 2;
        -: 1155:	}
        -: 1156:      }
        -: 1157:	    
    #####: 1158:      return 0;
        -: 1159:		
        -: 1160:    case ambassador:
    #####: 1161:      j = 0;		//used to check if player has enough cards to discard
        -: 1162:
    #####: 1163:      if (choice2 > 2 || choice2 < 0)
        -: 1164:	{
    #####: 1165:	  return -1;				
        -: 1166:	}
        -: 1167:
    #####: 1168:      if (choice1 == handPos)
        -: 1169:	{
    #####: 1170:	  return -1;
        -: 1171:	}
        -: 1172:
    #####: 1173:      for (i = 0; i < state->handCount[currentPlayer]; i++)
        -: 1174:	{
    #####: 1175:	  if (i != handPos && i == state->hand[currentPlayer][choice1] && i != choice1)
        -: 1176:	    {
    #####: 1177:	      j++;
        -: 1178:	    }
        -: 1179:	}
    #####: 1180:      if (j < choice2)
        -: 1181:	{
    #####: 1182:	  return -1;				
        -: 1183:	}
        -: 1184:
        -: 1185:      if (DEBUG) 
        -: 1186:	printf("Player %d reveals card number: %d\n", currentPlayer, state->hand[currentPlayer][choice1]);
        -: 1187:
        -: 1188:      //increase supply count for choosen card by amount being discarded
    #####: 1189:      state->supplyCount[state->hand[currentPlayer][choice1]] += choice2;
        -: 1190:			
        -: 1191:      //each other player gains a copy of revealed card
    #####: 1192:      for (i = 0; i < state->numPlayers; i++)
        -: 1193:	{
    #####: 1194:	  if (i != currentPlayer)
        -: 1195:	    {
    #####: 1196:	      gainCard(state->hand[currentPlayer][choice1], state, 0, i);
        -: 1197:	    }
        -: 1198:	}
        -: 1199:
        -: 1200:      //discard played card from hand
    #####: 1201:      discardCard(handPos, currentPlayer, state, 0);			
        -: 1202:
        -: 1203:      //trash copies of cards returned to supply
    #####: 1204:      for (j = 0; j < choice2; j++)
        -: 1205:	{
    #####: 1206:	  for (i = 0; i < state->handCount[currentPlayer]; i++)
        -: 1207:	    {
    #####: 1208:	      if (state->hand[currentPlayer][i] == state->hand[currentPlayer][choice1])
        -: 1209:		{
    #####: 1210:		  discardCard(i, currentPlayer, state, 1);
    #####: 1211:		  break;
        -: 1212:		}
        -: 1213:	    }
        -: 1214:	}			
        -: 1215:
    #####: 1216:      return 0;
        -: 1217:		
        -: 1218:    case cutpurse:
        -: 1219:
    #####: 1220:      updateCoins(currentPlayer, state, 2);
    #####: 1221:      for (i = 0; i < state->numPlayers; i++)
        -: 1222:	{
    #####: 1223:	  if (i != currentPlayer)
        -: 1224:	    {
    #####: 1225:	      for (j = 0; j < state->handCount[i]; j++)
        -: 1226:		{
    #####: 1227:		  if (state->hand[i][j] == copper)
        -: 1228:		    {
    #####: 1229:		      discardCard(j, i, state, 0);
    #####: 1230:		      break;
        -: 1231:		    }
    #####: 1232:		  if (j == state->handCount[i])
        -: 1233:		    {
    #####: 1234:		      for (k = 0; k < state->handCount[i]; k++)
        -: 1235:			{
        -: 1236:			  if (DEBUG)
        -: 1237:			    printf("Player %d reveals card number %d\n", i, state->hand[i][k]);
        -: 1238:			}	
    #####: 1239:		      break;
        -: 1240:		    }		
        -: 1241:		}
        -: 1242:					
        -: 1243:	    }
        -: 1244:				
        -: 1245:	}				
        -: 1246:
        -: 1247:      //discard played card from hand
    #####: 1248:      discardCard(handPos, currentPlayer, state, 0);			
        -: 1249:
    #####: 1250:      return 0;
        -: 1251:
        -: 1252:		
        -: 1253:    case embargo: 
        -: 1254:      //+2 Coins
    #####: 1255:      state->coins = state->coins + 2;
        -: 1256:			
        -: 1257:      //see if selected pile is in play
    #####: 1258:      if ( state->supplyCount[choice1] == -1 )
        -: 1259:	{
    #####: 1260:	  return -1;
        -: 1261:	}
        -: 1262:			
        -: 1263:      //add embargo token to selected supply pile
    #####: 1264:      state->embargoTokens[choice1]++;
        -: 1265:			
        -: 1266:      //trash card
    #####: 1267:      discardCard(handPos, currentPlayer, state, 1);		
    #####: 1268:      return 0;
        -: 1269:		
        -: 1270:    case outpost:
        -: 1271:      //set outpost flag
    #####: 1272:      state->outpostPlayed++;
        -: 1273:			
        -: 1274:      //discard card
    #####: 1275:      discardCard(handPos, currentPlayer, state, 0);
    #####: 1276:      return 0;
        -: 1277:		
        -: 1278:    case salvager:
        -: 1279:      //+1 buy
    #####: 1280:      state->numBuys++;
        -: 1281:			
    #####: 1282:      if (choice1)
        -: 1283:	{
        -: 1284:	  //gain coins equal to trashed card
    #####: 1285:	  state->coins = state->coins + getCost( handCard(choice1, state) );
        -: 1286:	  //trash card
    #####: 1287:	  discardCard(choice1, currentPlayer, state, 1);	
        -: 1288:	}
        -: 1289:			
        -: 1290:      //discard card
    #####: 1291:      discardCard(handPos, currentPlayer, state, 0);
    #####: 1292:      return 0;
        -: 1293:		
        -: 1294:    case sea_hag:
    #####: 1295:      for (i = 0; i < state->numPlayers; i++){
    #####: 1296:	if (i != currentPlayer){
    #####: 1297:	  state->discard[i][state->discardCount[i]] = state->deck[i][state->deckCount[i]--];			    state->deckCount[i]--;
    #####: 1298:	  state->discardCount[i]++;
    #####: 1299:	  state->deck[i][state->deckCount[i]--] = curse;//Top card now a curse
        -: 1300:	}
        -: 1301:      }
    #####: 1302:      return 0;
        -: 1303:		
        -: 1304:    case treasure_map:
        -: 1305:      //search hand for another treasure_map
    #####: 1306:      index = -1;
    #####: 1307:      for (i = 0; i < state->handCount[currentPlayer]; i++)
        -: 1308:	{
    #####: 1309:	  if (state->hand[currentPlayer][i] == treasure_map && i != handPos)
        -: 1310:	    {
    #####: 1311:	      index = i;
    #####: 1312:	      break;
        -: 1313:	    }
        -: 1314:	}
    #####: 1315:      if (index > -1)
        -: 1316:	{
        -: 1317:	  //trash both treasure cards
    #####: 1318:	  discardCard(handPos, currentPlayer, state, 1);
    #####: 1319:	  discardCard(index, currentPlayer, state, 1);
        -: 1320:
        -: 1321:	  //gain 4 Gold cards
    #####: 1322:	  for (i = 0; i < 4; i++)
        -: 1323:	    {
    #####: 1324:	      gainCard(gold, state, 1, currentPlayer);
        -: 1325:	    }
        -: 1326:				
        -: 1327:	  //return success
    #####: 1328:	  return 1;
        -: 1329:	}
        -: 1330:			
        -: 1331:      //no second treasure_map found in hand
    #####: 1332:      return -1;
        -: 1333:    }
        -: 1334:	
      628: 1335:  return -1;
        -: 1336:}
        -: 1337:
      668: 1338:int discardCard(int handPos, int currentPlayer, struct gameState *state, int trashFlag)
        -: 1339:{
        -: 1340:	
        -: 1341:  //if card is not trashed, added to Played pile 
      668: 1342:  if (trashFlag < 1)
        -: 1343:    {
        -: 1344:      //add card to played pile
      668: 1345:      state->playedCards[state->playedCardCount] = state->hand[currentPlayer][handPos]; 
      668: 1346:      state->playedCardCount++;
        -: 1347:    }
        -: 1348:	
        -: 1349:  //set played card to -1
      668: 1350:  state->hand[currentPlayer][handPos] = -1;
        -: 1351:	
        -: 1352:  //remove card from player's hand
      668: 1353:  if ( handPos == (state->handCount[currentPlayer] - 1) ) 	//last card in hand array is played
        -: 1354:    {
        -: 1355:      //reduce number of cards in hand
    #####: 1356:      state->handCount[currentPlayer]--;
        -: 1357:    }
      668: 1358:  else if ( state->handCount[currentPlayer] == 1 ) //only one card in hand
        -: 1359:    {
        -: 1360:      //reduce number of cards in hand
    #####: 1361:      state->handCount[currentPlayer]--;
        -: 1362:    }
        -: 1363:  else 	
        -: 1364:    {
        -: 1365:      //replace discarded card with last card in hand
      668: 1366:      state->hand[currentPlayer][handPos] = state->hand[currentPlayer][ (state->handCount[currentPlayer] - 1)];
        -: 1367:      //set last card to -1
      668: 1368:      state->hand[currentPlayer][state->handCount[currentPlayer] - 1] = -1;
        -: 1369:      //reduce number of cards in hand
      668: 1370:      state->handCount[currentPlayer]--;
        -: 1371:    }
        -: 1372:	
      668: 1373:  return 0;
        -: 1374:}
        -: 1375:
    #####: 1376:int gainCard(int supplyPos, struct gameState *state, int toFlag, int player)
        -: 1377:{
        -: 1378:  //Note: supplyPos is enum of choosen card
        -: 1379:	
        -: 1380:  //check if supply pile is empty (0) or card is not used in game (-1)
    #####: 1381:  if ( supplyCount(supplyPos, state) < 1 )
        -: 1382:    {
    #####: 1383:      return -1;
        -: 1384:    }
        -: 1385:	
        -: 1386:  //added card for [whoseTurn] current player:
        -: 1387:  // toFlag = 0 : add to discard
        -: 1388:  // toFlag = 1 : add to deck
        -: 1389:  // toFlag = 2 : add to hand
        -: 1390:
    #####: 1391:  if (toFlag == 1)
        -: 1392:    {
    #####: 1393:      state->deck[ player ][ state->deckCount[player] ] = supplyPos;
    #####: 1394:      state->deckCount[player]++;
        -: 1395:    }
    #####: 1396:  else if (toFlag == 2)
        -: 1397:    {
    #####: 1398:      state->hand[ player ][ state->handCount[player] ] = supplyPos;
    #####: 1399:      state->handCount[player]++;
        -: 1400:    }
        -: 1401:  else
        -: 1402:    {
    #####: 1403:      state->discard[player][ state->discardCount[player] ] = supplyPos;
    #####: 1404:      state->discardCount[player]++;
        -: 1405:    }
        -: 1406:	
        -: 1407:  //decrease number in supply pile
    #####: 1408:  state->supplyCount[supplyPos]--;
        -: 1409:	 
    #####: 1410:  return 0;
        -: 1411:}
        -: 1412:
      336: 1413:int updateCoins(int player, struct gameState *state, int bonus)
        -: 1414:{
        -: 1415:  int i;
        -: 1416:	
        -: 1417:  //reset coin count
      336: 1418:  state->coins = 0;
        -: 1419:
        -: 1420:  //add coins for each Treasure card in player's hand
     2016: 1421:  for (i = 0; i < state->handCount[player]; i++)
        -: 1422:    {
     1680: 1423:      if (state->hand[player][i] == copper)
        -: 1424:	{
     1417: 1425:	  state->coins += 1;
        -: 1426:	}
      263: 1427:      else if (state->hand[player][i] == silver)
        -: 1428:	{
    #####: 1429:	  state->coins += 2;
        -: 1430:	}
      263: 1431:      else if (state->hand[player][i] == gold)
        -: 1432:	{
    #####: 1433:	  state->coins += 3;
        -: 1434:	}	
        -: 1435:    }	
        -: 1436:
        -: 1437:  //add bonus
      336: 1438:  state->coins += bonus;
        -: 1439:
      336: 1440:  return 0;
        -: 1441:}
        -: 1442:
        -: 1443:
        -: 1444://end of dominion.c
        -: 1445:
